

Microchip Technology PIC LITE Macro Assembler V1.38 build -256452561 
                                                                                               Mon Nov 28 13:48:30 2016

Microchip Technology Omniscient Code Generator v1.38 (Free mode) build 201607010351
     1                           	processor	16F877A
     2                           	opt	pw 120
     3                           	opt	lm
     4                           	psect	text0,local,class=CODE,merge=1,delta=2
     5                           	psect	cinit,global,class=CODE,merge=1,delta=2
     6                           	psect	cstackCOMMON,global,class=COMMON,space=1,delta=1
     7                           	psect	cstackBANK0,global,class=BANK0,space=1,delta=1
     8                           	psect	maintext,global,class=CODE,split=1,delta=2
     9                           	psect	text1,local,class=CODE,merge=1,delta=2
    10                           	psect	text2,local,class=CODE,merge=1,delta=2
    11                           	psect	text3,local,class=CODE,merge=1,delta=2
    12                           	psect	text4,local,class=CODE,merge=1,delta=2
    13                           	psect	text5,local,class=CODE,merge=1,delta=2
    14                           	dabs	1,0x7E,2
    15  0000                     	;# 
    16  0001                     	;# 
    17  0002                     	;# 
    18  0003                     	;# 
    19  0004                     	;# 
    20  0005                     	;# 
    21  0006                     	;# 
    22  0007                     	;# 
    23  0008                     	;# 
    24  0009                     	;# 
    25  000A                     	;# 
    26  000B                     	;# 
    27  000C                     	;# 
    28  000D                     	;# 
    29  000E                     	;# 
    30  000E                     	;# 
    31  000F                     	;# 
    32  0010                     	;# 
    33  0011                     	;# 
    34  0012                     	;# 
    35  0013                     	;# 
    36  0014                     	;# 
    37  0015                     	;# 
    38  0015                     	;# 
    39  0016                     	;# 
    40  0017                     	;# 
    41  0018                     	;# 
    42  0019                     	;# 
    43  001A                     	;# 
    44  001B                     	;# 
    45  001B                     	;# 
    46  001C                     	;# 
    47  001D                     	;# 
    48  001E                     	;# 
    49  001F                     	;# 
    50  0081                     	;# 
    51  0085                     	;# 
    52  0086                     	;# 
    53  0087                     	;# 
    54  0088                     	;# 
    55  0089                     	;# 
    56  008C                     	;# 
    57  008D                     	;# 
    58  008E                     	;# 
    59  0091                     	;# 
    60  0092                     	;# 
    61  0093                     	;# 
    62  0094                     	;# 
    63  0098                     	;# 
    64  0099                     	;# 
    65  009C                     	;# 
    66  009D                     	;# 
    67  009E                     	;# 
    68  009F                     	;# 
    69  010C                     	;# 
    70  010D                     	;# 
    71  010E                     	;# 
    72  010F                     	;# 
    73  018C                     	;# 
    74  018D                     	;# 
    75  0006                     _PORTB	set	6
    76  001A                     _RCREG	set	26
    77  0001                     _TMR0	set	1
    78  00C4                     _CREN	set	196
    79  0038                     _RC0	set	56
    80  0039                     _RC1	set	57
    81  003A                     _RC2	set	58
    82  003B                     _RC3	set	59
    83  003C                     _RC4	set	60
    84  003D                     _RC5	set	61
    85  0065                     _RCIF	set	101
    86  00C7                     _SPEN	set	199
    87  005A                     _T0IF	set	90
    88                           
    89                           	psect	text0
    90  0000                     __ptext0:	
    91  0081                     _IN	set	129
    92  0099                     _SPBRG	set	153
    93  0086                     _TRISB	set	134
    94  04C2                     _BRGH	set	1218
    95  04C4                     _SYNC	set	1220
    96  043E                     _TRISC6	set	1086
    97  043F                     _TRISC7	set	1087
    98  04C5                     _TXEN	set	1221
    99                           
   100                           	psect	cinit
   101  07FC                     start_initialization:	
   102                           ; #config settings
   103                           
   104  07FC                     __initialization:	
   105  07FC                     end_of_initialization:	
   106                           ;End of C runtime variable initialization code
   107                           
   108  07FC                     __end_of__initialization:	
   109  07FC  0183               	clrf	3
   110  07FD  120A  118A  2F25   	ljmp	_main	;jump to C main() function
   111                           
   112                           	psect	cstackCOMMON
   113  0070                     __pcstackCOMMON:	
   114  0070                     ?_UART_Init:	
   115  0070                     ?_UART_Data_Ready:	
   116                           ; 1 bytes @ 0x0
   117                           
   118  0070                     ??_UART_Data_Ready:	
   119                           ; 1 bytes @ 0x0
   120                           
   121  0070                     ?_UART_Read:	
   122                           ; 1 bytes @ 0x0
   123                           
   124  0070                     ??_UART_Read:	
   125                           ; 1 bytes @ 0x0
   126                           
   127  0070                     ?_main:	
   128                           ; 1 bytes @ 0x0
   129                           
   130  0070                     ?___ftpack:	
   131                           ; 1 bytes @ 0x0
   132                           
   133  0070                     ___ftpack@arg:	
   134                           ; 3 bytes @ 0x0
   135                           
   136  0070                     UART_Init@baudrate:	
   137                           ; 3 bytes @ 0x0
   138                           
   139                           
   140                           ; 4 bytes @ 0x0
   141  0070                     	ds	3
   142  0073                     ___ftpack@exp:	
   143                           
   144                           ; 1 bytes @ 0x3
   145  0073                     	ds	1
   146  0074                     ??_UART_Init:	
   147  0074                     ___ftpack@sign:	
   148                           ; 1 bytes @ 0x4
   149                           
   150                           
   151                           ; 1 bytes @ 0x4
   152  0074                     	ds	1
   153  0075                     ??___ftpack:	
   154                           
   155                           ; 1 bytes @ 0x5
   156  0075                     	ds	3
   157  0078                     ?___lbtoft:	
   158                           
   159                           ; 3 bytes @ 0x8
   160  0078                     	ds	3
   161  007B                     ___lbtoft@c:	
   162                           
   163                           ; 1 bytes @ 0xB
   164  007B                     	ds	1
   165  007C                     main@rec:	
   166                           
   167                           ; 1 bytes @ 0xC
   168  007C                     	ds	1
   169                           
   170                           	psect	cstackBANK0
   171  0020                     __pcstackBANK0:	
   172  0020                     ??___lbtoft:	
   173                           
   174                           ; 1 bytes @ 0x0
   175  0020                     	ds	4
   176  0024                     ??_main:	
   177                           
   178                           ; 1 bytes @ 0x4
   179  0024                     	ds	3
   180                           
   181                           	psect	maintext
   182  0725                     __pmaintext:	
   183 ;;
   184 ;;Main: autosize = 0, tempsize = 3, incstack = 0, save=0
   185 ;;
   186 ;; *************** function _main *****************
   187 ;; Defined at:
   188 ;;		line 518 in file "combination.c"
   189 ;; Parameters:    Size  Location     Type
   190 ;;		None
   191 ;; Auto vars:     Size  Location     Type
   192 ;;  rec             1   12[COMMON] unsigned char 
   193 ;; Return value:  Size  Location     Type
   194 ;;                  1    wreg      void 
   195 ;; Registers used:
   196 ;;		wreg, status,2, status,0, pclath, cstack
   197 ;; Tracked objects:
   198 ;;		On entry : B00/0
   199 ;;		On exit  : 0/0
   200 ;;		Unchanged: 0/0
   201 ;; Data sizes:     COMMON   BANK0   BANK1   BANK3   BANK2
   202 ;;      Params:         0       0       0       0       0
   203 ;;      Locals:         1       0       0       0       0
   204 ;;      Temps:          0       3       0       0       0
   205 ;;      Totals:         1       3       0       0       0
   206 ;;Total ram usage:        4 bytes
   207 ;; Hardware stack levels required when called:    2
   208 ;; This function calls:
   209 ;;		_UART_Data_Ready
   210 ;;		_UART_Init
   211 ;;		_UART_Read
   212 ;;		___lbtoft
   213 ;; This function is called by:
   214 ;;		Startup code after reset
   215 ;; This function uses a non-reentrant model
   216 ;;
   217                           
   218                           
   219                           ;psect for function _main
   220  0725                     _main:	
   221                           
   222                           ;combination.c: 521: char rec=0;
   223                           
   224                           ;incstack = 0
   225                           ; Regs used in _main: [wreg+status,2+status,0+pclath+cstack]
   226  0725  01FC               	clrf	main@rec
   227                           
   228                           ;combination.c: 522: TRISB = 0x00;
   229  0726  1683               	bsf	3,5	;RP0=1, select bank1
   230  0727  1303               	bcf	3,6	;RP1=0, select bank1
   231  0728  0186               	clrf	6	;volatile
   232                           
   233                           ;combination.c: 523: PORTB=0XFF;
   234  0729  30FF               	movlw	255
   235  072A  1283               	bcf	3,5	;RP0=0, select bank0
   236  072B  1303               	bcf	3,6	;RP1=0, select bank0
   237  072C  0086               	movwf	6	;volatile
   238                           
   239                           ;combination.c: 524: UART_Init(9600);
   240  072D  3000               	movlw	0
   241  072E  00F3               	movwf	UART_Init@baudrate+3
   242  072F  3000               	movlw	0
   243  0730  00F2               	movwf	UART_Init@baudrate+2
   244  0731  3025               	movlw	37
   245  0732  00F1               	movwf	UART_Init@baudrate+1
   246  0733  3080               	movlw	128
   247  0734  00F0               	movwf	UART_Init@baudrate
   248  0735  120A  118A  26F5  120A  118A  	fcall	_UART_Init
   249  073A                     l1209:	
   250                           ;combination.c: 527: do
   251                           
   252                           
   253                           ;combination.c: 528: {
   254                           ;combination.c: 529: if(UART_Data_Ready()){
   255  073A  120A  118A  26E9  120A  118A  	fcall	_UART_Data_Ready
   256  073F  3A00               	xorlw	0
   257  0740  1903               	skipnz
   258  0741  2F59               	goto	l1215
   259                           
   260                           ;combination.c: 530: rec = UART_Read();
   261  0742  120A  118A  26EF  120A  118A  	fcall	_UART_Read
   262  0747  1283               	bcf	3,5	;RP0=0, select bank0
   263  0748  1303               	bcf	3,6	;RP1=0, select bank0
   264  0749  00A4               	movwf	??_main
   265  074A  0824               	movf	??_main,w
   266  074B  00FC               	movwf	main@rec
   267                           
   268                           ;combination.c: 531: _delay((unsigned long)((100)*(20000000/4000.0)));
   269  074C  3003               	movlw	3
   270  074D  00A6               	movwf	??_main+2
   271  074E  308A               	movlw	138
   272  074F  00A5               	movwf	??_main+1
   273  0750  3056               	movlw	86
   274  0751  00A4               	movwf	??_main
   275  0752                     u987:	
   276  0752  0BA4               	decfsz	??_main,f
   277  0753  2F52               	goto	u987
   278  0754  0BA5               	decfsz	??_main+1,f
   279  0755  2F52               	goto	u987
   280  0756  0BA6               	decfsz	??_main+2,f
   281  0757  2F52               	goto	u987
   282  0758  2F59               	nop2
   283  0759                     l1215:	
   284                           
   285                           ;combination.c: 532: }
   286                           ;combination.c: 533: if(rec!=0.){
   287  0759  087C               	movf	main@rec,w
   288  075A  120A  118A  2709  120A  118A  	fcall	___lbtoft
   289  075F  087A               	movf	?___lbtoft+2,w
   290  0760  0479               	iorwf	?___lbtoft+1,w
   291  0761  0478               	iorwf	?___lbtoft,w
   292  0762  1903               	skipnz
   293  0763  2F75               	goto	l1221
   294                           
   295                           ;combination.c: 536: PORTB=0X00;
   296  0764  1283               	bcf	3,5	;RP0=0, select bank0
   297  0765  1303               	bcf	3,6	;RP1=0, select bank0
   298  0766  0186               	clrf	6	;volatile
   299                           
   300                           ;combination.c: 537: _delay((unsigned long)((1000)*(20000000/4000.0)));
   301  0767  301A               	movlw	26
   302  0768  00A6               	movwf	??_main+2
   303  0769  305E               	movlw	94
   304  076A  00A5               	movwf	??_main+1
   305  076B  3086               	movlw	134
   306  076C  00A4               	movwf	??_main
   307  076D                     u997:	
   308  076D  0BA4               	decfsz	??_main,f
   309  076E  2F6D               	goto	u997
   310  076F  0BA5               	decfsz	??_main+1,f
   311  0770  2F6D               	goto	u997
   312  0771  0BA6               	decfsz	??_main+2,f
   313  0772  2F6D               	goto	u997
   314  0773  0000               	nop
   315                           
   316                           ;combination.c: 538: }
   317  0774  2F3A               	goto	l1209
   318  0775                     l1221:	
   319                           
   320                           ;combination.c: 539: else if(rec!='a'){
   321  0775  3061               	movlw	97
   322  0776  067C               	xorwf	main@rec,w
   323  0777  1903               	btfsc	3,2
   324  0778  2F7B               	goto	l1225
   325                           
   326                           ;combination.c: 540: PORTB=0Xff;
   327  0779  30FF               	movlw	255
   328  077A  2F8C               	goto	L3
   329  077B                     l1225:	
   330                           ;combination.c: 541: }
   331                           
   332                           
   333                           ;combination.c: 542: else if(rec=='b')
   334  077B  3062               	movlw	98
   335  077C  067C               	xorwf	main@rec,w
   336  077D  1D03               	btfss	3,2
   337  077E  2F81               	goto	l1229
   338                           
   339                           ;combination.c: 543: {
   340                           ;combination.c: 544: PORTB=0X0A;
   341  077F  300A               	movlw	10
   342  0780  2F8C               	goto	L3
   343  0781                     l1229:	
   344                           ;combination.c: 545: }
   345                           
   346                           
   347                           ;combination.c: 546: else if(rec=='c'){
   348  0781  3063               	movlw	99
   349  0782  067C               	xorwf	main@rec,w
   350  0783  1D03               	btfss	3,2
   351  0784  2F87               	goto	l1233
   352                           
   353                           ;combination.c: 547: PORTB=0X09;
   354  0785  3009               	movlw	9
   355  0786  2F8C               	goto	L3
   356  0787                     l1233:	
   357                           ;combination.c: 548: }
   358                           
   359                           
   360                           ;combination.c: 549: else if(rec=='d'){
   361  0787  3064               	movlw	100
   362  0788  067C               	xorwf	main@rec,w
   363  0789  1D03               	btfss	3,2
   364  078A  2F3A               	goto	l1209
   365                           
   366                           ;combination.c: 550: PORTB=0X06;
   367  078B  3006               	movlw	6
   368  078C                     L3:	
   369  078C  1283               	bcf	3,5	;RP0=0, select bank0
   370  078D  1303               	bcf	3,6	;RP1=0, select bank0
   371  078E  0086               	movwf	6	;volatile
   372                           
   373                           ;combination.c: 588: }
   374                           ;combination.c: 590: }while(1);
   375                           
   376                           ;combination.c: 585: }
   377                           
   378                           ;combination.c: 582: }
   379                           
   380                           ;combination.c: 579: }
   381                           
   382                           ;combination.c: 576: }
   383                           
   384                           ;combination.c: 573: }
   385                           
   386                           ;combination.c: 570: }
   387                           
   388                           ;combination.c: 567: }
   389                           
   390                           ;combination.c: 564: }
   391                           
   392                           ;combination.c: 561: }
   393                           
   394                           ;combination.c: 558: }
   395                           
   396                           ;combination.c: 555: }
   397                           
   398                           ;combination.c: 551: }
   399  078F  2F3A               	goto	l1209
   400  0790                     __end_of_main:	
   401                           
   402                           	psect	text1
   403  0709                     __ptext1:	
   404 ;; *************** function ___lbtoft *****************
   405 ;; Defined at:
   406 ;;		line 27 in file "C:\Program Files (x86)\Microchip\xc8\v1.38\sources\common\lbtoft.c"
   407 ;; Parameters:    Size  Location     Type
   408 ;;  c               1    wreg     unsigned char 
   409 ;; Auto vars:     Size  Location     Type
   410 ;;  c               1   11[COMMON] unsigned char 
   411 ;; Return value:  Size  Location     Type
   412 ;;                  3    8[COMMON] float 
   413 ;; Registers used:
   414 ;;		wreg, status,2, status,0, pclath, cstack
   415 ;; Tracked objects:
   416 ;;		On entry : 0/0
   417 ;;		On exit  : 0/0
   418 ;;		Unchanged: 0/0
   419 ;; Data sizes:     COMMON   BANK0   BANK1   BANK3   BANK2
   420 ;;      Params:         3       0       0       0       0
   421 ;;      Locals:         1       0       0       0       0
   422 ;;      Temps:          0       4       0       0       0
   423 ;;      Totals:         4       4       0       0       0
   424 ;;Total ram usage:        8 bytes
   425 ;; Hardware stack levels used:    1
   426 ;; Hardware stack levels required when called:    1
   427 ;; This function calls:
   428 ;;		___ftpack
   429 ;; This function is called by:
   430 ;;		_main
   431 ;; This function uses a non-reentrant model
   432 ;;
   433                           
   434                           
   435                           ;psect for function ___lbtoft
   436  0709                     ___lbtoft:	
   437                           
   438                           ;incstack = 0
   439                           ; Regs used in ___lbtoft: [wreg+status,2+status,0+pclath+cstack]
   440                           ;___lbtoft@c stored from wreg
   441  0709  00FB               	movwf	___lbtoft@c
   442  070A  087B               	movf	___lbtoft@c,w
   443  070B  1283               	bcf	3,5	;RP0=0, select bank0
   444  070C  1303               	bcf	3,6	;RP1=0, select bank0
   445  070D  00A0               	movwf	??___lbtoft
   446  070E  01A1               	clrf	??___lbtoft+1
   447  070F  01A2               	clrf	??___lbtoft+2
   448  0710  0820               	movf	??___lbtoft,w
   449  0711  00F0               	movwf	___ftpack@arg
   450  0712  0821               	movf	??___lbtoft+1,w
   451  0713  00F1               	movwf	___ftpack@arg+1
   452  0714  0822               	movf	??___lbtoft+2,w
   453  0715  00F2               	movwf	___ftpack@arg+2
   454  0716  308E               	movlw	142
   455  0717  00A3               	movwf	??___lbtoft+3
   456  0718  0823               	movf	??___lbtoft+3,w
   457  0719  00F3               	movwf	___ftpack@exp
   458  071A  01F4               	clrf	___ftpack@sign
   459  071B  120A  118A  2790   	fcall	___ftpack
   460  071E  0870               	movf	?___ftpack,w
   461  071F  00F8               	movwf	?___lbtoft
   462  0720  0871               	movf	?___ftpack+1,w
   463  0721  00F9               	movwf	?___lbtoft+1
   464  0722  0872               	movf	?___ftpack+2,w
   465  0723  00FA               	movwf	?___lbtoft+2
   466  0724  0008               	return
   467  0725                     __end_of___lbtoft:	
   468                           
   469                           	psect	text2
   470  0790                     __ptext2:	
   471 ;; *************** function ___ftpack *****************
   472 ;; Defined at:
   473 ;;		line 62 in file "C:\Program Files (x86)\Microchip\xc8\v1.38\sources\common\float.c"
   474 ;; Parameters:    Size  Location     Type
   475 ;;  arg             3    0[COMMON] unsigned um
   476 ;;  exp             1    3[COMMON] unsigned char 
   477 ;;  sign            1    4[COMMON] unsigned char 
   478 ;; Auto vars:     Size  Location     Type
   479 ;;		None
   480 ;; Return value:  Size  Location     Type
   481 ;;                  3    0[COMMON] float 
   482 ;; Registers used:
   483 ;;		wreg, status,2, status,0
   484 ;; Tracked objects:
   485 ;;		On entry : 0/0
   486 ;;		On exit  : 0/0
   487 ;;		Unchanged: 0/0
   488 ;; Data sizes:     COMMON   BANK0   BANK1   BANK3   BANK2
   489 ;;      Params:         5       0       0       0       0
   490 ;;      Locals:         0       0       0       0       0
   491 ;;      Temps:          3       0       0       0       0
   492 ;;      Totals:         8       0       0       0       0
   493 ;;Total ram usage:        8 bytes
   494 ;; Hardware stack levels used:    1
   495 ;; This function calls:
   496 ;;		Nothing
   497 ;; This function is called by:
   498 ;;		___lbtoft
   499 ;; This function uses a non-reentrant model
   500 ;;
   501                           
   502                           
   503                           ;psect for function ___ftpack
   504  0790                     ___ftpack:	
   505                           
   506                           ;incstack = 0
   507                           ; Regs used in ___ftpack: [wreg+status,2+status,0]
   508  0790  0873               	movf	___ftpack@exp,w
   509  0791  1903               	btfsc	3,2
   510  0792  2F98               	goto	l1153
   511  0793  0872               	movf	___ftpack@arg+2,w
   512  0794  0471               	iorwf	___ftpack@arg+1,w
   513  0795  0470               	iorwf	___ftpack@arg,w
   514  0796  1D03               	skipz
   515  0797  2FAB               	goto	l1159
   516  0798                     l1153:	
   517  0798  3000               	movlw	0
   518  0799  00F0               	movwf	?___ftpack
   519  079A  3000               	movlw	0
   520  079B  00F1               	movwf	?___ftpack+1
   521  079C  3000               	movlw	0
   522  079D  00F2               	movwf	?___ftpack+2
   523  079E  0008               	return
   524  079F                     l1157:	
   525  079F  3001               	movlw	1
   526  07A0  00F5               	movwf	??___ftpack
   527  07A1  0875               	movf	??___ftpack,w
   528  07A2  07F3               	addwf	___ftpack@exp,f
   529  07A3  3001               	movlw	1
   530  07A4                     u825:	
   531  07A4  1003               	clrc
   532  07A5  0CF2               	rrf	___ftpack@arg+2,f
   533  07A6  0CF1               	rrf	___ftpack@arg+1,f
   534  07A7  0CF0               	rrf	___ftpack@arg,f
   535  07A8  3EFF               	addlw	-1
   536  07A9  1D03               	skipz
   537  07AA  2FA4               	goto	u825
   538  07AB                     l1159:	
   539  07AB  30FE               	movlw	254
   540  07AC  0572               	andwf	___ftpack@arg+2,w
   541  07AD  1903               	btfsc	3,2
   542  07AE  2FC6               	goto	l610
   543  07AF  2F9F               	goto	l1157
   544  07B0                     l1161:	
   545  07B0  3001               	movlw	1
   546  07B1  00F5               	movwf	??___ftpack
   547  07B2  0875               	movf	??___ftpack,w
   548  07B3  07F3               	addwf	___ftpack@exp,f
   549  07B4  3001               	movlw	1
   550  07B5  07F0               	addwf	___ftpack@arg,f
   551  07B6  3000               	movlw	0
   552  07B7  1803               	skipnc
   553  07B8  3001               	movlw	1
   554  07B9  07F1               	addwf	___ftpack@arg+1,f
   555  07BA  3000               	movlw	0
   556  07BB  1803               	skipnc
   557  07BC  3001               	movlw	1
   558  07BD  07F2               	addwf	___ftpack@arg+2,f
   559  07BE  3001               	movlw	1
   560  07BF                     u845:	
   561  07BF  1003               	clrc
   562  07C0  0CF2               	rrf	___ftpack@arg+2,f
   563  07C1  0CF1               	rrf	___ftpack@arg+1,f
   564  07C2  0CF0               	rrf	___ftpack@arg,f
   565  07C3  3EFF               	addlw	-1
   566  07C4  1D03               	skipz
   567  07C5  2FBF               	goto	u845
   568  07C6                     l610:	
   569  07C6  30FF               	movlw	255
   570  07C7  0572               	andwf	___ftpack@arg+2,w
   571  07C8  1903               	btfsc	3,2
   572  07C9  2FD5               	goto	l1169
   573  07CA  2FB0               	goto	l1161
   574  07CB                     l1167:	
   575  07CB  3001               	movlw	1
   576  07CC  02F3               	subwf	___ftpack@exp,f
   577  07CD  3001               	movlw	1
   578  07CE                     u865:	
   579  07CE  1003               	clrc
   580  07CF  0DF0               	rlf	___ftpack@arg,f
   581  07D0  0DF1               	rlf	___ftpack@arg+1,f
   582  07D1  0DF2               	rlf	___ftpack@arg+2,f
   583  07D2  3EFF               	addlw	-1
   584  07D3  1D03               	skipz
   585  07D4  2FCE               	goto	u865
   586  07D5                     l1169:	
   587  07D5  1BF1               	btfsc	___ftpack@arg+1,7
   588  07D6  2FDB               	goto	l617
   589  07D7  3002               	movlw	2
   590  07D8  0273               	subwf	___ftpack@exp,w
   591  07D9  1803               	skipnc
   592  07DA  2FCB               	goto	l1167
   593  07DB                     l617:	
   594  07DB  1873               	btfsc	___ftpack@exp,0
   595  07DC  2FE3               	goto	l618
   596  07DD  30FF               	movlw	255
   597  07DE  05F0               	andwf	___ftpack@arg,f
   598  07DF  307F               	movlw	127
   599  07E0  05F1               	andwf	___ftpack@arg+1,f
   600  07E1  30FF               	movlw	255
   601  07E2  05F2               	andwf	___ftpack@arg+2,f
   602  07E3                     l618:	
   603  07E3  1003               	clrc
   604  07E4  0CF3               	rrf	___ftpack@exp,f
   605  07E5  0873               	movf	___ftpack@exp,w
   606  07E6  00F5               	movwf	??___ftpack
   607  07E7  01F6               	clrf	??___ftpack+1
   608  07E8  01F7               	clrf	??___ftpack+2
   609  07E9  3010               	movlw	16
   610  07EA                     u905:	
   611  07EA  1003               	clrc
   612  07EB  0DF5               	rlf	??___ftpack,f
   613  07EC  0DF6               	rlf	??___ftpack+1,f
   614  07ED  0DF7               	rlf	??___ftpack+2,f
   615  07EE  3EFF               	addlw	-1
   616  07EF  1D03               	skipz
   617  07F0  2FEA               	goto	u905
   618  07F1  0875               	movf	??___ftpack,w
   619  07F2  04F0               	iorwf	___ftpack@arg,f
   620  07F3  0876               	movf	??___ftpack+1,w
   621  07F4  04F1               	iorwf	___ftpack@arg+1,f
   622  07F5  0877               	movf	??___ftpack+2,w
   623  07F6  04F2               	iorwf	___ftpack@arg+2,f
   624  07F7  0874               	movf	___ftpack@sign,w
   625  07F8  1903               	btfsc	3,2
   626  07F9  0008               	return
   627  07FA  17F2               	bsf	___ftpack@arg+2,7
   628  07FB  0008               	return
   629  07FC                     __end_of___ftpack:	
   630                           
   631                           	psect	text3
   632  06EF                     __ptext3:	
   633 ;; *************** function _UART_Read *****************
   634 ;; Defined at:
   635 ;;		line 28 in file "combination.c"
   636 ;; Parameters:    Size  Location     Type
   637 ;;		None
   638 ;; Auto vars:     Size  Location     Type
   639 ;;		None
   640 ;; Return value:  Size  Location     Type
   641 ;;                  1    wreg      unsigned char 
   642 ;; Registers used:
   643 ;;		wreg
   644 ;; Tracked objects:
   645 ;;		On entry : 0/0
   646 ;;		On exit  : 0/0
   647 ;;		Unchanged: 0/0
   648 ;; Data sizes:     COMMON   BANK0   BANK1   BANK3   BANK2
   649 ;;      Params:         0       0       0       0       0
   650 ;;      Locals:         0       0       0       0       0
   651 ;;      Temps:          0       0       0       0       0
   652 ;;      Totals:         0       0       0       0       0
   653 ;;Total ram usage:        0 bytes
   654 ;; Hardware stack levels used:    1
   655 ;; This function calls:
   656 ;;		Nothing
   657 ;; This function is called by:
   658 ;;		_main
   659 ;; This function uses a non-reentrant model
   660 ;;
   661                           
   662                           
   663                           ;psect for function _UART_Read
   664  06EF                     _UART_Read:	
   665  06EF                     l53:	
   666                           ;combination.c: 30: while(!RCIF);
   667                           
   668                           ;incstack = 0
   669                           ; Regs used in _UART_Read: [wreg]
   670                           
   671  06EF  1283               	bcf	3,5	;RP0=0, select bank0
   672  06F0  1303               	bcf	3,6	;RP1=0, select bank0
   673  06F1  1E8C               	btfss	12,5	;volatile
   674  06F2  2EEF               	goto	l53
   675                           
   676                           ;combination.c: 31: return RCREG;
   677  06F3  081A               	movf	26,w	;volatile
   678  06F4  0008               	return
   679  06F5                     __end_of_UART_Read:	
   680                           
   681                           	psect	text4
   682  06F5                     __ptext4:	
   683 ;; *************** function _UART_Init *****************
   684 ;; Defined at:
   685 ;;		line 11 in file "combination.c"
   686 ;; Parameters:    Size  Location     Type
   687 ;;  baudrate        4    0[COMMON] const long 
   688 ;; Auto vars:     Size  Location     Type
   689 ;;		None
   690 ;; Return value:  Size  Location     Type
   691 ;;                  1    wreg      unsigned char 
   692 ;; Registers used:
   693 ;;		wreg
   694 ;; Tracked objects:
   695 ;;		On entry : 0/0
   696 ;;		On exit  : 0/0
   697 ;;		Unchanged: 0/0
   698 ;; Data sizes:     COMMON   BANK0   BANK1   BANK3   BANK2
   699 ;;      Params:         4       0       0       0       0
   700 ;;      Locals:         0       0       0       0       0
   701 ;;      Temps:          0       0       0       0       0
   702 ;;      Totals:         4       0       0       0       0
   703 ;;Total ram usage:        4 bytes
   704 ;; Hardware stack levels used:    1
   705 ;; This function calls:
   706 ;;		Nothing
   707 ;; This function is called by:
   708 ;;		_main
   709 ;; This function uses a non-reentrant model
   710 ;;
   711                           
   712                           
   713                           ;psect for function _UART_Init
   714  06F5                     _UART_Init:	
   715                           
   716                           ;combination.c: 13: BRGH = 1;
   717                           
   718                           ;incstack = 0
   719                           ; Regs used in _UART_Init: [wreg]
   720  06F5  1683               	bsf	3,5	;RP0=1, select bank1
   721  06F6  1303               	bcf	3,6	;RP1=0, select bank1
   722  06F7  1518               	bsf	24,2	;volatile
   723                           
   724                           ;combination.c: 14: SPBRG = 129;
   725  06F8  3081               	movlw	129
   726  06F9  0099               	movwf	25	;volatile
   727                           
   728                           ;combination.c: 15: SYNC = 0;
   729  06FA  1218               	bcf	24,4	;volatile
   730                           
   731                           ;combination.c: 16: SPEN = 1;
   732  06FB  1283               	bcf	3,5	;RP0=0, select bank0
   733  06FC  1303               	bcf	3,6	;RP1=0, select bank0
   734  06FD  1798               	bsf	24,7	;volatile
   735                           
   736                           ;combination.c: 17: TRISC7 = 1;
   737  06FE  1683               	bsf	3,5	;RP0=1, select bank1
   738  06FF  1303               	bcf	3,6	;RP1=0, select bank1
   739  0700  1787               	bsf	7,7	;volatile
   740                           
   741                           ;combination.c: 18: TRISC6 = 1;
   742  0701  1707               	bsf	7,6	;volatile
   743                           
   744                           ;combination.c: 19: CREN = 1;
   745  0702  1283               	bcf	3,5	;RP0=0, select bank0
   746  0703  1303               	bcf	3,6	;RP1=0, select bank0
   747  0704  1618               	bsf	24,4	;volatile
   748                           
   749                           ;combination.c: 20: TXEN = 1;
   750  0705  1683               	bsf	3,5	;RP0=1, select bank1
   751  0706  1303               	bcf	3,6	;RP1=0, select bank1
   752  0707  1698               	bsf	24,5	;volatile
   753  0708  0008               	return
   754  0709                     __end_of_UART_Init:	
   755                           ;combination.c: 21: return 1;
   756                           ;	Return value of _UART_Init is never used
   757                           
   758                           
   759                           	psect	text5
   760  06E9                     __ptext5:	
   761 ;; *************** function _UART_Data_Ready *****************
   762 ;; Defined at:
   763 ;;		line 24 in file "combination.c"
   764 ;; Parameters:    Size  Location     Type
   765 ;;		None
   766 ;; Auto vars:     Size  Location     Type
   767 ;;		None
   768 ;; Return value:  Size  Location     Type
   769 ;;                  1    wreg      unsigned char 
   770 ;; Registers used:
   771 ;;		wreg
   772 ;; Tracked objects:
   773 ;;		On entry : 0/0
   774 ;;		On exit  : 0/0
   775 ;;		Unchanged: 0/0
   776 ;; Data sizes:     COMMON   BANK0   BANK1   BANK3   BANK2
   777 ;;      Params:         0       0       0       0       0
   778 ;;      Locals:         0       0       0       0       0
   779 ;;      Temps:          0       0       0       0       0
   780 ;;      Totals:         0       0       0       0       0
   781 ;;Total ram usage:        0 bytes
   782 ;; Hardware stack levels used:    1
   783 ;; This function calls:
   784 ;;		Nothing
   785 ;; This function is called by:
   786 ;;		_main
   787 ;; This function uses a non-reentrant model
   788 ;;
   789                           
   790                           
   791                           ;psect for function _UART_Data_Ready
   792  06E9                     _UART_Data_Ready:	
   793                           
   794                           ;combination.c: 26: return RCIF;
   795                           
   796                           ;incstack = 0
   797                           ; Regs used in _UART_Data_Ready: [wreg]
   798  06E9  3000               	movlw	0
   799  06EA  1283               	bcf	3,5	;RP0=0, select bank0
   800  06EB  1303               	bcf	3,6	;RP1=0, select bank0
   801  06EC  1A8C               	btfsc	12,5	;volatile
   802  06ED  3001               	movlw	1
   803  06EE  0008               	return
   804  06EF                     __end_of_UART_Data_Ready:	
   805  007E                     btemp	set	126	;btemp
   806  007E                     wtemp	set	126
   807  007E                     wtemp0	set	126
   808  0080                     wtemp1	set	128
   809  0082                     wtemp2	set	130
   810  0084                     wtemp3	set	132
   811  0086                     wtemp4	set	134
   812  0088                     wtemp5	set	136
   813  007F                     wtemp6	set	127
   814  007E                     ttemp	set	126
   815  007E                     ttemp0	set	126
   816  0081                     ttemp1	set	129
   817  0084                     ttemp2	set	132
   818  0087                     ttemp3	set	135
   819  007F                     ttemp4	set	127
   820  007E                     ltemp	set	126
   821  007E                     ltemp0	set	126
   822  0082                     ltemp1	set	130
   823  0086                     ltemp2	set	134
   824  0080                     ltemp3	set	128


Data Sizes:
    Strings     0
    Constant    0
    Data        0
    BSS         0
    Persistent  0
    Stack       0

Auto Spaces:
    Space          Size  Autos    Used
    COMMON           14     13      13
    BANK0            80      7       7
    BANK1            80      0       0
    BANK3            96      0       0
    BANK2            96      0       0

Pointer List with Targets:

    None.

Critical Paths under _main in COMMON

    _main->___lbtoft
    ___lbtoft->___ftpack

Critical Paths under _main in BANK0

    _main->___lbtoft

Critical Paths under _main in BANK1

    None.

Critical Paths under _main in BANK3

    None.

Critical Paths under _main in BANK2

    None.

Call Graph Tables:

 ---------------------------------------------------------------------------------
 (Depth) Function   	        Calls       Base Space   Used Autos Params    Refs
 ---------------------------------------------------------------------------------
 (0) _main                                                 4     4      0    2041
                                             12 COMMON     1     1      0
                                              4 BANK0      3     3      0
                    _UART_Data_Ready
                          _UART_Init
                          _UART_Read
                           ___lbtoft
 ---------------------------------------------------------------------------------
 (1) ___lbtoft                                             8     5      3    1612
                                              8 COMMON     4     1      3
                                              0 BANK0      4     4      0
                           ___ftpack
 ---------------------------------------------------------------------------------
 (2) ___ftpack                                             8     3      5    1590
                                              0 COMMON     8     3      5
 ---------------------------------------------------------------------------------
 (1) _UART_Read                                            0     0      0       0
 ---------------------------------------------------------------------------------
 (1) _UART_Init                                            4     0      4      53
                                              0 COMMON     4     0      4
 ---------------------------------------------------------------------------------
 (1) _UART_Data_Ready                                      0     0      0       0
 ---------------------------------------------------------------------------------
 Estimated maximum stack depth 2
 ---------------------------------------------------------------------------------

 Call Graph Graphs:

 _main (ROOT)
   _UART_Data_Ready
   _UART_Init
   _UART_Read
   ___lbtoft
     ___ftpack

 Address spaces:
Name               Size   Autos  Total    Cost      Usage
BITCOMMON            E      0       0       0        0.0%
EEDATA             100      0       0       0        0.0%
NULL                 0      0       0       0        0.0%
CODE                 0      0       0       0        0.0%
COMMON               E      D       D       1       92.9%
BITSFR0              0      0       0       1        0.0%
SFR0                 0      0       0       1        0.0%
BITSFR1              0      0       0       2        0.0%
SFR1                 0      0       0       2        0.0%
STACK                0      0       0       2        0.0%
ABS                  0      0       0       3        0.0%
BITBANK0            50      0       0       4        0.0%
BITSFR3              0      0       0       4        0.0%
SFR3                 0      0       0       4        0.0%
BANK0               50      7       7       5        8.8%
BITSFR2              0      0       0       5        0.0%
SFR2                 0      0       0       5        0.0%
BITBANK1            50      0       0       6        0.0%
BANK1               50      0       0       7        0.0%
BITBANK3            60      0       0       8        0.0%
BANK3               60      0       0       9        0.0%
BITBANK2            60      0       0      10        0.0%
BANK2               60      0       0      11        0.0%
DATA                 0      0       0      12        0.0%


Microchip Technology PIC Macro Assembler V1.38 build -256452561 
Symbol Table                                                                                   Mon Nov 28 13:48:30 2016

                      l53 06EF                        _IN 0081                       l610 07C6  
                     l617 07DB                       l618 07E3                       _RC0 0038  
                     _RC1 0039                       _RC2 003A                       _RC3 003B  
                     _RC4 003C                       _RC5 003D                       u905 07EA  
                     u825 07A4                       u845 07BF                       u865 07CE  
                     u987 0752                       u997 076D                      l1221 0775  
                    l1215 0759                      l1161 07B0                      l1153 0798  
                    l1233 0787                      l1225 077B                      l1209 073A  
                    l1157 079F                      l1229 0781                      l1167 07CB  
                    l1159 07AB                      l1169 07D5                      _BRGH 04C2  
                    _T0IF 005A                      _CREN 00C4                      _RCIF 0065  
                    _TMR0 0001                      _SPEN 00C7                      _TXEN 04C5  
                    _SYNC 04C4                      _main 0725              ___ftpack@arg 0070  
            ___ftpack@exp 0073                      btemp 007E                      ltemp 007E  
                    start 0000                      ttemp 007E                      wtemp 007E  
                   ?_main 0070                     _RCREG 001A                     _SPBRG 0099  
                   _PORTB 0006                     _TRISB 0086        __size_of_UART_Init 0014  
      __size_of_UART_Read 0006             ___ftpack@sign 0074                     ltemp0 007E  
                   ltemp1 0082                     ltemp2 0086                     ltemp3 0080  
                   ttemp0 007E                     ttemp1 0081                     ttemp2 0084  
                   ttemp3 0087                     ttemp4 007F                     status 0003  
                   wtemp0 007E                     wtemp1 0080                     wtemp2 0082  
                   wtemp3 0084                     wtemp4 0086                     wtemp5 0088  
                   wtemp6 007F           __initialization 07FC              __end_of_main 0790  
                  ??_main 0024          __end_of___ftpack 07FC          __end_of___lbtoft 0725  
                  _TRISC6 043E                    _TRISC7 043F         __end_of_UART_Init 0709  
       __end_of_UART_Read 06F5   __end_of__initialization 07FC                ___lbtoft@c 007B  
          __pcstackCOMMON 0070  __size_of_UART_Data_Ready 0006                __pmaintext 0725  
               ?___ftpack 0070                 ?___lbtoft 0078                ??___ftpack 0075  
              ??___lbtoft 0020                   __ptext0 0000                   __ptext1 0709  
                 __ptext2 0790                   __ptext3 06EF                   __ptext4 06F5  
                 __ptext5 06E9                   main@rec 007C      end_of_initialization 07FC  
       ??_UART_Data_Ready 0070                 _UART_Init 06F5                 _UART_Read 06EF  
              ?_UART_Init 0070                ?_UART_Read 0070       start_initialization 07FC  
       __size_of___ftpack 006C         __size_of___lbtoft 001C                 ___latbits 0002  
           __pcstackBANK0 0020               ??_UART_Init 0074               ??_UART_Read 0070  
         _UART_Data_Ready 06E9         UART_Init@baudrate 0070                  ___ftpack 0790  
                ___lbtoft 0709   __end_of_UART_Data_Ready 06EF             __size_of_main 006B  
        ?_UART_Data_Ready 0070  
